{"/home/priyanka.b@npci.org.in/Desktop/Others/Testing/note-taking-app/src/App.jsx": {"path":"/home/priyanka.b@npci.org.in/Desktop/Others/Testing/note-taking-app/src/App.jsx","statementMap":{"0":{"start":{"line":7,"column":28},"end":{"line":7,"column":40}},"1":{"start":{"line":9,"column":18},"end":{"line":11,"column":3}},"2":{"start":{"line":10,"column":4},"end":{"line":10,"column":34}},"3":{"start":{"line":13,"column":21},"end":{"line":17,"column":3}},"4":{"start":{"line":14,"column":25},"end":{"line":14,"column":35}},"5":{"start":{"line":15,"column":4},"end":{"line":15,"column":34}},"6":{"start":{"line":16,"column":4},"end":{"line":16,"column":27}},"7":{"start":{"line":19,"column":2},"end":{"line":27,"column":4}}},"fnMap":{"0":{"name":"App","decl":{"start":{"line":6,"column":9},"end":{"line":6,"column":12}},"loc":{"start":{"line":6,"column":15},"end":{"line":28,"column":1}},"line":6},"1":{"name":"(anonymous_1)","decl":{"start":{"line":9,"column":18},"end":{"line":9,"column":19}},"loc":{"start":{"line":9,"column":31},"end":{"line":11,"column":3}},"line":9},"2":{"name":"(anonymous_2)","decl":{"start":{"line":13,"column":21},"end":{"line":13,"column":22}},"loc":{"start":{"line":13,"column":32},"end":{"line":17,"column":3}},"line":13}},"branchMap":{},"s":{"0":6,"1":6,"2":2,"3":6,"4":1,"5":1,"6":1,"7":6},"f":{"0":6,"1":2,"2":1},"b":{},"_coverageSchema":"1a1c01bbd47fc00a2c39e90264f33305004495a9","hash":"316728b5866b885f22fc1aeb40f60fa8bb7531ca"}
,"/home/priyanka.b@npci.org.in/Desktop/Others/Testing/note-taking-app/src/Components/NewNoteForm.jsx": {"path":"/home/priyanka.b@npci.org.in/Desktop/Others/Testing/note-taking-app/src/Components/NewNoteForm.jsx","statementMap":{"0":{"start":{"line":3,"column":20},"end":{"line":24,"column":1}},"1":{"start":{"line":4,"column":32},"end":{"line":4,"column":44}},"2":{"start":{"line":6,"column":18},"end":{"line":11,"column":3}},"3":{"start":{"line":7,"column":4},"end":{"line":10,"column":5}},"4":{"start":{"line":8,"column":6},"end":{"line":8,"column":25}},"5":{"start":{"line":9,"column":6},"end":{"line":9,"column":21}},"6":{"start":{"line":13,"column":2},"end":{"line":23,"column":4}},"7":{"start":{"line":18,"column":25},"end":{"line":18,"column":51}}},"fnMap":{"0":{"name":"(anonymous_0)","decl":{"start":{"line":3,"column":20},"end":{"line":3,"column":21}},"loc":{"start":{"line":3,"column":39},"end":{"line":24,"column":1}},"line":3},"1":{"name":"(anonymous_1)","decl":{"start":{"line":6,"column":18},"end":{"line":6,"column":19}},"loc":{"start":{"line":6,"column":24},"end":{"line":11,"column":3}},"line":6},"2":{"name":"(anonymous_2)","decl":{"start":{"line":18,"column":18},"end":{"line":18,"column":19}},"loc":{"start":{"line":18,"column":25},"end":{"line":18,"column":51}},"line":18}},"branchMap":{"0":{"loc":{"start":{"line":7,"column":4},"end":{"line":10,"column":5}},"type":"if","locations":[{"start":{"line":7,"column":4},"end":{"line":10,"column":5}},{"start":{},"end":{}}],"line":7}},"s":{"0":2,"1":12,"2":12,"3":4,"4":3,"5":3,"6":12,"7":3},"f":{"0":12,"1":4,"2":3},"b":{"0":[3,1]},"_coverageSchema":"1a1c01bbd47fc00a2c39e90264f33305004495a9","hash":"eb5a6682f84f27df802f6fce38c0b93838bc8e9f"}
,"/home/priyanka.b@npci.org.in/Desktop/Others/Testing/note-taking-app/src/Components/NoteItem.jsx": {"path":"/home/priyanka.b@npci.org.in/Desktop/Others/Testing/note-taking-app/src/Components/NoteItem.jsx","statementMap":{"0":{"start":{"line":3,"column":17},"end":{"line":11,"column":1}},"1":{"start":{"line":5,"column":2},"end":{"line":10,"column":4}}},"fnMap":{"0":{"name":"(anonymous_0)","decl":{"start":{"line":3,"column":17},"end":{"line":3,"column":18}},"loc":{"start":{"line":3,"column":45},"end":{"line":11,"column":1}},"line":3}},"branchMap":{},"s":{"0":3,"1":8},"f":{"0":8},"b":{},"_coverageSchema":"1a1c01bbd47fc00a2c39e90264f33305004495a9","hash":"03ea01179443641996c3304ac598f8904d70a3be"}
,"/home/priyanka.b@npci.org.in/Desktop/Others/Testing/note-taking-app/src/Components/NoteList.jsx": {"path":"/home/priyanka.b@npci.org.in/Desktop/Others/Testing/note-taking-app/src/Components/NoteList.jsx","statementMap":{"0":{"start":{"line":4,"column":17},"end":{"line":18,"column":1}},"1":{"start":{"line":6,"column":2},"end":{"line":17,"column":4}},"2":{"start":{"line":10,"column":8},"end":{"line":14,"column":10}},"3":{"start":{"line":13,"column":30},"end":{"line":13,"column":49}}},"fnMap":{"0":{"name":"(anonymous_0)","decl":{"start":{"line":4,"column":17},"end":{"line":4,"column":18}},"loc":{"start":{"line":4,"column":46},"end":{"line":18,"column":1}},"line":4},"1":{"name":"(anonymous_1)","decl":{"start":{"line":8,"column":17},"end":{"line":8,"column":18}},"loc":{"start":{"line":10,"column":8},"end":{"line":14,"column":10}},"line":10},"2":{"name":"(anonymous_2)","decl":{"start":{"line":13,"column":24},"end":{"line":13,"column":25}},"loc":{"start":{"line":13,"column":30},"end":{"line":13,"column":49}},"line":13}},"branchMap":{},"s":{"0":2,"1":9,"2":6,"3":3},"f":{"0":9,"1":6,"2":3},"b":{},"_coverageSchema":"1a1c01bbd47fc00a2c39e90264f33305004495a9","hash":"c4ce34dc596dbcd1cf790730f74bff6d635139da"}
}
