TN:
SF:src/App.jsx
FN:6,App
FN:9,(anonymous_1)
FN:13,(anonymous_2)
FNF:3
FNH:3
FNDA:6,App
FNDA:2,(anonymous_1)
FNDA:1,(anonymous_2)
DA:7,6
DA:9,6
DA:10,2
DA:13,6
DA:14,1
DA:15,1
DA:16,1
DA:19,6
LF:8
LH:8
BRF:0
BRH:0
end_of_record
TN:
SF:src/Components/NewNoteForm.jsx
FN:3,(anonymous_0)
FN:6,(anonymous_1)
FN:18,(anonymous_2)
FNF:3
FNH:3
FNDA:12,(anonymous_0)
FNDA:4,(anonymous_1)
FNDA:3,(anonymous_2)
DA:3,2
DA:4,12
DA:6,12
DA:7,4
DA:8,3
DA:9,3
DA:13,12
DA:18,3
LF:8
LH:8
BRDA:7,0,0,3
BRDA:7,0,1,1
BRF:2
BRH:2
end_of_record
TN:
SF:src/Components/NoteItem.jsx
FN:3,(anonymous_0)
FNF:1
FNH:1
FNDA:8,(anonymous_0)
DA:3,3
DA:5,8
LF:2
LH:2
BRF:0
BRH:0
end_of_record
TN:
SF:src/Components/NoteList.jsx
FN:4,(anonymous_0)
FN:8,(anonymous_1)
FN:13,(anonymous_2)
FNF:3
FNH:3
FNDA:9,(anonymous_0)
FNDA:6,(anonymous_1)
FNDA:3,(anonymous_2)
DA:4,2
DA:6,9
DA:10,6
DA:13,3
LF:4
LH:4
BRF:0
BRH:0
end_of_record
